Connected to ftp.platform.mediamind.com.
220 MediaMind CLD FTP Services
331 Password required for DWASF.
230 Welcome To MediaMind CLD FTP Services.
Remote system type is UNIX.
Using binary mode to transfer files.
local: ./downloaded/MM_CLD_Conversion_Agency_39792_Daily_131205.zip remote: MM_CLD_Conversion_Agency_39792_Daily_131205.zip
227 Entering Passive Mode (206,16,132,26,168,254)
150 Opening BINARY mode data connection for MM_CLD_Conversion_Agency_39792_Daily_131205.zip.
226 Transfer complete. 751626 bytes transferred. 68329 bps.
751626 bytes received in 11.25 secs (65.3 kB/s)
local: ./downloaded/MM_CLD_Match_Agency_39792_Daily_131205.csv.zip remote: MM_CLD_Match_Agency_39792_Daily_131205.csv.zip
227 Entering Passive Mode (206,16,132,26,168,255)
150 Opening BINARY mode data connection for MM_CLD_Match_Agency_39792_Daily_131205.csv.zip.
226 Transfer complete. 1341436 bytes transferred. 89429 bps.
1341436 bytes received in 15.67 secs (83.6 kB/s)
local: ./downloaded/MM_CLD_Rich_Agency_39792_Daily_131205.zip remote: MM_CLD_Rich_Agency_39792_Daily_131205.zip
227 Entering Passive Mode (206,16,132,26,169,1)
150 Opening BINARY mode data connection for MM_CLD_Rich_Agency_39792_Daily_131205.zip.
226 Transfer complete. 2169889 bytes transferred. 90412 bps.
2169889 bytes received in 24.90 secs (85.1 kB/s)
local: ./downloaded/MM_CLD_Standard_Agency_39792_Daily_131205.zip remote: MM_CLD_Standard_Agency_39792_Daily_131205.zip
227 Entering Passive Mode (206,16,132,26,169,3)
150 Opening BINARY mode data connection for MM_CLD_Standard_Agency_39792_Daily_131205.zip.

receive aborted
waiting for remote to finish abort

421 Service not available, remote server has closed connection
10421676 bytes received in 101.77 secs (100.0 kB/s)

